4HOMU JXLE1 X180A DDXG0 4HSLO ZRPB5 Y4WG4 PMFJ2 FMCVK V8GEC C7WKJ OIPRN P419D WI88U RAAD4 TI35I 9O1IZ C8O6I UDYJK WCHWI 53Y1R K50JQ 7U3JG DTPF4 TORQI 1F0YL ELH5L 4WDJE W2M5C UW44H 52MNN 4YS4G ZN2EP 6ACGE IF7TL 1CTNO KY9LT LKP22 HWKGJ T9O11 76HUN AT3CI L2PQE TCC7B CM5WA 6NY7T BE5V8 FDYXL Q5DAA 0D2BR Q02X6 945CN 1RS2N UX00P MC71K UX00P H1LTE C45HH H1LTE OLLV9 7Y5B6 TBPBM Y61KP KOYRV KN0CP 0VPRW KN0CP 0U9HU 2P5XR 6OA3K K50JQ RU85S N9H3X 61QWU L2GJ5 SQ5AD 4HOMU
61
6OA3K 6OA3K CFGE5 FC0PR
WCHWI DOLRQ 45JXE PTADN
L2PQE L2PQE LEBVZ
9O1IZ 69BJO FCYPJ
C45HH C45HH BVMDZ
KY9LT V22SY
76HUN PYPSO 8EXDQ
AT3CI AT3CI SHOOM VHCFR W2H22
W2M5C W2M5C Q7FCL
FDYXL WXZHF
WI88U WI88U EDSMH
1CTNO LLTLN
0U9HU 0U9HU KC9RF WZB33
KOYRV KOYRV 8CLEZ
IF7TL IF7TL 50J5H
TBPBM TBPBM A1QRL M1HJR ZHSBU NPDI9
RU85S RU85S HZHRA
Q5DAA Q5DAA 3AIXW SKPO7 ZZH8Z
4YS4G SA6G0 ZN2EP IZESQ
FMCVK 9WSXC 7GA8O 6WOBI 2BUI5 PXCIN
61QWU 61QWU TY0L7
Y4WG4 WP2MA SYV5N XEEQB
4HSLO FRZVP DCHO3 YJ67U 768ZF
X180A X180A LIRLU 2C63O
945CN 945CN
L2GJ5 L2GJ5
UW44H UW44H
0D2BR 0D2BR
1F0YL 1F0YL
0VPRW 0VPRW
HWKGJ HWKGJ
6ACGE 6ACGE
DTPF4 DTPF4
7U3JG 7U3JG
BE5V8 BE5V8
TORQI TORQI
RAAD4 RAAD4
53Y1R 53Y1R
TI35I TI35I
Y61KP Y61KP
C7WKJ C7WKJ
P419D P419D
K50JQ K50JQ
JXLE1 JXLE1
H1LTE H1LTE
DDXG0 DDXG0
1RS2N 1RS2N
4WDJE 4WDJE
CM5WA CM5WA
ZRPB5 ZRPB5
T9O11 T9O11
ELH5L ELH5L
52MNN 52MNN
OLLV9 OLLV9
OIPRN OIPRN
MC71K MC71K
C8O6I C8O6I
V8GEC V8GEC
PMFJ2 PMFJ2
TCC7B TCC7B
LKP22 LKP22
