WNYCV UUOP5 18R1B F5YBY XTUSM K1ZSD CHXFM URMBF CHXFM GAXPM 2PD2W XPFOM WH9QK HHCET 65TK9 1ACIU WJHGG 91RFG TG5ZG X2AM4 KB443 BC3W4 1BUOS 5I6U4 XRQ65 H7R17 EYREL BGJ6Q MB70R CUG55 KRLTG TNA9G 77EY5 QTZLJ 7CXN0 2CPYE F07YB QSI1X F07YB GXYLV HR8IA KGZCW WNYCV
32
XTUSM XTUSM UGOIO
QSI1X QSI1X 1UWW5
BGJ6Q HZ80H BMC9X ZA57Z
HR8IA HR8IA OE5TB
2PD2W XDKMD EQWAL 1NBGE BO3AW
7CXN0 7CXN0 ULCTZ
TNA9G 2FT0Z
CHXFM 9HVLF
WJHGG H212X XBRKQ
1ACIU 1ACIU XD7IR B8UZ8 42QVU
5I6U4 5I6U4 2KYXC V11OW
EYREL EYREL QTZLJ
KB443 KB443 YMTTJ H8ZPW
XRQ65 XRQ65
GXYLV GXYLV
TG5ZG TG5ZG
91RFG 91RFG
F5YBY F5YBY
XPFOM XPFOM
77EY5 77EY5
K1ZSD K1ZSD
KRLTG KRLTG
UUOP5 UUOP5
1BUOS 1BUOS
X2AM4 X2AM4
URMBF URMBF
GAXPM GAXPM
CUG55 CUG55
HHCET HHCET
65TK9 65TK9
F07YB F07YB
18R1B 18R1B
