Clearnesse Dellwyn Oakmere Esterfall Morwall Violetley Irondeer Foxvale Woodice Valhaven Southwheat Newby Buttermead Courtwall Courtcastle Corbank Marbleiron Wolflea Ironshore Clearnesse
19
Irondeer Morwald
Wolflea Eriwall
Violetley Violetley Westvale
Marbleiron Marbleiron Freyview Foxhaven
Esterfall Esterfall Goldwyvern
Oakmere Oakmere Butterbush
Corbank Corbank Ironriver
Southwheat Oldmoor
Woodice Woodice
Dellwyn Dellwyn
Valhaven Valhaven
Newby Newby
Morwall Morwall
Courtwall Courtwall
Ironshore Ironshore
Buttermead Buttermead
Courtcastle Courtcastle
Foxvale Foxvale
Clearnesse Clearnesse
