Satish PYD9SISJI KRM4B 92R432 ZRYV5F YXBMACC 9XFF 8U5UW 1BZLEM VFRT26 PTL1QU OXWYDF BBFYA9B NSBI Z6H98 JTT8198QPE PTWCQ R6VBAVZ0B ZY9VPYMXA WZ1MC3189 UVP4WIKK ENMF Satish
20
ZY9VPYMXA ZY9VPYMXA PZMGYZL
WZ1MC3189 WZ1MC3189 KSHB2KG ICTGXV
8U5UW 399VM5PU6 FS1RWBVR7
JTT8198QPE 4INC2D8SDN
Z6H98 Z6H98 ER2YSPML1C
VFRT26 VFRT26
1BZLEM 1BZLEM
ZRYV5F ZRYV5F
YXBMACC YXBMACC
PTWCQ PTWCQ
PYD9SISJI PYD9SISJI
KRM4B KRM4B
BBFYA9B BBFYA9B
R6VBAVZ0B R6VBAVZ0B
UVP4WIKK UVP4WIKK
OXWYDF OXWYDF
PTL1QU PTL1QU
9XFF 9XFF
92R432 92R432
NSBI NSBI
