Jacksonville Washington Austin Raleigh Indianapolis SanJose Boston OklahomaCity Phoenix OklahomaCity FortWorth Detroit Columbus Tucson Milwaukee Jacksonville Minneapolis Chicago Philadelphia Oakland Miami Charlotte SanFrancisco Nashville Milwaukee Tulsa Albuquerque Oakland Arlington Portland Arlington Louisville Atlanta Fresno Atlanta Jacksonville
20
Nashville ElPaso
Austin Austin LongBeach Memphis
Charlotte LasVegas
Indianapolis Indianapolis LosAngeles
Philadelphia Philadelphia VirginiaBeach
Portland Portland Seattle
FortWorth FortWorth
Tulsa Tulsa
Fresno Fresno
SanFrancisco SanFrancisco
Columbus Columbus
Atlanta Atlanta
SanJose SanJose
Phoenix Phoenix
Tucson Tucson
Albuquerque Albuquerque
Minneapolis Minneapolis
Jacksonville Jacksonville
Louisville Louisville
Boston Boston
