tepsteinfdkilldlmhns nlhtdsdepsteinfmkill killepsteintdldshfnm dhlepsteindkillsmtnf lepsteinfdkillsdnmht dhlepsteindkillsmtnf mfskillnhlddtepstein thmepsteinlkillfsndd slepsteinftndkillmdh htskillepsteindnlfdm ndlmhepsteintdskillf dnhdskillepsteinmltf tskillepsteinhfmddnl thsfnmkilldlepsteind ndlepsteinhdtskillfm ldnmepsteinhfstdkill snldmtkillfepsteindh msnepsteinfkillhtdld fnmhskilldepsteinltd msnepsteinfkillhtdld hkillmepsteinstdfdnl msnepsteinfkillhtdld epsteinsdfmhltkillnd slepsteinftndkillmdh thmepsteinlkillfsndd mfskillnhlddtepstein epsteindsmnlfdtkillh mfskillnhlddtepstein hdepsteinsmdtnflkill thsfnmkilldlepsteind epsteinthsdmndkillfl nkillsdtdhfmlepstein killepsteintdldshfnm tepsteinfdkilldlmhns
18
ndlmhepsteintdskillf ndlmhepsteintdskillf tmhsnfepsteinldkilld
epsteinthsdmndkillfl epsteinthsdmndkillfl nkillsdtdhfmlepstein
hdepsteinsmdtnflkill hdepsteinsmdtnflkill fnlskillhtepsteindmd
ldnmepsteinhfstdkill killnfhdsdltepsteinm skilldnmlhdftepstein hepsteinnfstkilllmdd hldmepsteindsnkilltf
lepsteinfdkillsdnmht lepsteinfdkillsdnmht nfdhepsteinltsdmkill
killepsteintdldshfnm killepsteintdldshfnm
htskillepsteindnlfdm htskillepsteindnlfdm
nlhtdsdepsteinfmkill nlhtdsdepsteinfmkill
thmepsteinlkillfsndd thmepsteinlkillfsndd
fnmhskilldepsteinltd fnmhskilldepsteinltd
snldmtkillfepsteindh snldmtkillfepsteindh
epsteindsmnlfdtkillh epsteindsmnlfdtkillh
hkillmepsteinstdfdnl hkillmepsteinstdfdnl
ndlepsteinhdtskillfm ndlepsteinhdtskillfm
epsteinsdfmhltkillnd epsteinsdfmhltkillnd
tskillepsteinhfmddnl tskillepsteinhfmddnl
msnepsteinfkillhtdld msnepsteinfkillhtdld
dhlepsteindkillsmtnf dhlepsteindkillsmtnf
