<<<<<<< HEAD
WNYCV UUOP5 QSI1X F07YB GXYLV HR8IA CHXFM GAXPM 2PD2W XPFOM O0RCM WJHGG HHCET 65TK9 1ACIU 5I6U4 XRQ65 F5YBY 18R1B URMBF 91RFG 77EY5 TNA9G KRLTG CUG55 O0RCM BGJ6Q EYREL P3DJ7 91RFG TG5ZG 91RFG 1BUOS XRQ65 X2AM4 KB443 7CXN0 XTUSM K1ZSD WNYCV
32
=======
WNYCV K1ZSD WNYCV UUOP5 18R1B F5YBY XTUSM 7CXN0 XPFOM WH9QK HHCET 65TK9 1ACIU WJHGG 91RFG TG5ZG X2AM4 KB443 BC3W4 1BUOS 5I6U4 XRQ65 GAXPM CHXFM URMBF KRLTG TNA9G 77EY5 EYREL BGJ6Q MB70R CUG55 639ON GXYLV HR8IA 1XUNX 2PD2W XDKMD F07YB QSI1X UUOP5 WNYCV
33
>>>>>>> 77fd221332ff6d062e3713d8d362b375043fc71b
XTUSM XTUSM UGOIO
QSI1X QSI1X 1UWW5
BGJ6Q HZ80H BMC9X ZA57Z
HR8IA HR8IA OE5TB
XDKMD XDKMD EQWAL 1NBGE
1XUNX BO3AW
7CXN0 7CXN0 ULCTZ
TNA9G 2FT0Z
CHXFM 9HVLF
WJHGG H212X XBRKQ
1ACIU 1ACIU XD7IR B8UZ8 42QVU
5I6U4 5I6U4 2KYXC V11OW
EYREL EYREL QTZLJ
KB443 KB443 YMTTJ H8ZPW
XRQ65 XRQ65
GXYLV GXYLV
TG5ZG TG5ZG
91RFG 91RFG
F5YBY F5YBY
XPFOM XPFOM
77EY5 77EY5
K1ZSD K1ZSD
KRLTG KRLTG
UUOP5 UUOP5
1BUOS 1BUOS
X2AM4 X2AM4
URMBF URMBF
GAXPM GAXPM
CUG55 CUG55
HHCET HHCET
65TK9 65TK9
F07YB F07YB
18R1B 18R1B
