4HOMU DL8LT X180A C7WKJ V8GEC 1X6L1 FMCVK WBT4L ELH5L 4WDJE BE5V8 6NY7T TI35I RAAD4 9O1IZ C5YOT O9J47 Y4WG4 HV4Z2 LKP22 UX00P KY9LT 1CTNO EJSFK 58MIB 6ACGE KN0CP Q5DAA Q02X6 945CN 1RS2N UW44H 52MNN 4YS4G ZN2EP M0J6A Y61KP TBPBM M1HJR OKGKQ PTADN 45JXE WCHWI UDYJK 1F0YL TORQI DTPF4 53Y1R K50JQ 6OA3K 796NN CM5WA Q9MTE RVNGJ FDYXL FRZVP 4HSLO ZRPB5 61QWU LIRLU Z22CS KOYRV 0U9HU H3R1V ZGZT5 AT3CI VHCFR ZGZT5 HWKGJ H1LTE C45HH H1LTE OLLV9 76HUN WOEUE P419D WI88U JIVZP 4HSLO K92O5 I0241 U2E9F RU85S 4HOMU
59
LIRLU LIRLU 2C63O
K92O5 768ZF
4HSLO YJ67U YJ67U
WOEUE DCHO3
FRZVP FRZVP
HV4Z2 WP2MA
Y4WG4
O9J47 PMFJ2
ZRPB5 ZRPB5
61QWU 61QWU TY0L7
DL8LT DDXG0
4HOMU JXLE1
FMCVK 9WSXC
WBT4L 7GA8O
1X6L1
ZN2EP ZN2EP IZESQ
4YS4G SA6G0
Q02X6 0D2BR
Q5DAA Q5DAA Q5DAA Q5DAA ZZH8Z SKPO7 3AIXW
RU85S RU85S HZHRA
M0J6A Y61KP
M1HJR M1HJR M1HJR NPDI9 ZHSBU
OKGKQ A1QRL
TBPBM TBPBM
U2E9F 50J5H
I0241
58MIB IF7TL IF7TL
KN0CP 0VPRW
Z22CS 8CLEZ
KOYRV KOYRV
H3R1V WZB33
0U9HU 0U9HU 0U9HU KC9RF
1CTNO
EJSFK
WI88U WI88U WI88U EDSMH
Q9MTE WXZHF
RVNGJ
4WDJE 4WDJE W2M5C W2M5C W2M5C Q7FCL
6NY7T CM5WA
VHCFR VHCFR W2H22
AT3CI AT3CI SHOOM
76HUN
ZGZT5
KY9LT V22SY
UX00P MC71K
C45HH C45HH BVMDZ
H1LTE H1LTE OLLV9
HWKGJ HWKGJ T9O11
9O1IZ
C5YOT 69BJO
RAAD4 RAAD4
JIVZP TCC7B
TORQI TORQI L2GJ5
WCHWI DOLRQ
UDYJK
796NN FC0PR
6OA3K 6OA3K CFGE5 CFGE5 CFGE5
53Y1R 53Y1R 53Y1R 7U3JG
C7WKJ C7WKJ C7WKJ C7WKJ OIPRN
