Donner Helena Cyclotron Juneau North Illinois Ishi Tallahassee Gilman Foothill Gayley Recreational Old Minnesota Kansas Wurster Brain Haas Providence Donner
19
Recreational Recreational Phoenix Life
Kansas Iowa
Illinois Illinois Topeka
Wurster Wurster Haste
Brain Optometry McCone
Helena Helena Santa
Old Old
North North
Foothill Foothill
Haas Haas
Cyclotron Cyclotron
Providence Providence
Minnesota Minnesota
Juneau Juneau
Ishi Ishi
Gilman Gilman
Gayley Gayley
Donner Donner
Tallahassee Tallahassee
