BukitBatokEast Redhill Gombak DowntownCore LowerSeletar Tengeh Frankel SwissClub TanjongPagar CityHall KampongGlam TiongBahruStation Simei SungeiRoad SimpangNorth Bendemeer NeeSoon TanglinHalt Tyersall Sembawang LeonieHill RiverValley BukitBatokEast
18
Redhill Redhill PearlsHill
KampongGlam Sudong
TanglinHalt ChoaChuKang Hillcrest
Frankel Frankel GaliBatuMandai Tengeh GhimMoh Safti
Sembawang Sembawang JooKoon
SungeiRoad SungeiRoad
Simei Simei
RiverValley RiverValley
SimpangNorth SimpangNorth
NeeSoon NeeSoon
DowntownCore DowntownCore
SwissClub SwissClub
LowerSeletar LowerSeletar
LeonieHill LeonieHill
TanjongPagar TanjongPagar
Tyersall Tyersall
TiongBahruStation TiongBahruStation
CityHall CityHall
