LegendsAquaticCenter DurantHall EucalyptusGrove LewisHall SodaHall LawSchool InvestigativeReporti SatherTower StarrEastAsianLibrar LevineFrickeSoftball GoldmanField EllsworthParkingStru NorthField SoutheastAsianStudie LeConteHall NorthGateHall CITRIS MemorialGlade ValleyLifeSciencesBu GolbousPlace LegendsAquaticCenter
20
EllsworthParkingStru EllsworthParkingStru
DurantHall DurantHall
LawSchool LawSchool
CITRIS CITRIS
NorthField NorthField
InvestigativeReporti InvestigativeReporti
LevineFrickeSoftball LevineFrickeSoftball
LegendsAquaticCenter LegendsAquaticCenter
GolbousPlace GolbousPlace
LeConteHall LeConteHall
SodaHall SodaHall
ValleyLifeSciencesBu ValleyLifeSciencesBu
NorthGateHall NorthGateHall
LewisHall LewisHall
MemorialGlade MemorialGlade
SatherTower SatherTower
EucalyptusGrove EucalyptusGrove
StarrEastAsianLibrar StarrEastAsianLibrar
GoldmanField GoldmanField
SoutheastAsianStudie SoutheastAsianStudie
