loc1 loc2 loc7 loc16 loc11 loc12 loc17 loc26 loc21 loc25 loc24 loc23 loc22 loc27 loc36 loc31 loc32 loc37 loc46 loc41 loc42 loc41 loc45 loc41 loc46 loc37 loc32 loc33 loc34 loc35 loc31 loc36 loc27 loc22 loc21 loc26 loc17 loc12 loc13 loc14 loc15 loc11 loc16 loc7 loc2 loc3 loc4 loc5 loc1 loc6 loc1
19
loc5 loc10
loc15 loc20
loc25 loc30
loc35 loc40
loc45 loc50
loc42 loc47 loc48 loc49
loc33 loc38 loc39
loc23 loc28 loc29
loc13 loc18 loc19
loc3 loc8 loc9
loc6 loc6
loc7 loc7
loc16 loc16
loc17 loc17
loc26 loc26
loc27 loc27
loc36 loc36
loc37 loc37
loc46 loc46
