zero five six seven fourteen eight fifteen sixteen twentythree twentytwo twentyeight thirtyfive fortytwo thirtysix thirtyseven thirtyeight fortyfive thirtyeight thirtyone thirtytwo twentyfive eighteen nineteen twelve eleven ten nine two three zero
20
fortyfive fortyfive fortysix
thirtyeight thirtyeight forty
thirtytwo thirtytwo thirtyfour
twentythree twentyfive
nineteen nineteen twenty
twelve twelve thirteen
three three
five five
six six
seven seven
nine nine
eleven eleven
fourteen fourteen
fifteen fifteen
sixteen sixteen
eighteen eighteen
thirtyone thirtyone
thirtyfive thirtyfive
thirtyseven thirtyseven
fortytwo fortytwo
