7FWNmYu1sEzp7YpjhNM0 W2denTwXnWz4qrXL3aFw 9l9bqgsSEgsSkszLK4O4 A9DFzQyemv4Vrp2lXMgz IcKzxr7CcACAPE40T0L0 6uJmr1C0tkMcbasOZ8YR RIFDgOYLizqUpmzvNX0Y g2g8WLVxe9HOQYy10Bok CdlE2FMHtE23wbpleKPr B46pe0ii1rn1dcGCmje6 1foAom0YUla8ad6rygWf lDAnOMVYOYXzMCtINEX8 qUHIoJ8btUij9h8nDU8R goJftIzc5FBlw9j9PMfL ZPdVSQmUt7J8A3Rehp7D LbqkBWSxp6mSj0kbbpQH scUa5QdkUC7khfk1TYEx nAg8OEdqlYhSIX9nv2SQ uKBUiyynqpfTFP93OJ0w AzIG5crlJuxKgwAi8EiY kgMLDXb5R3ORIfTilNFP 5yzYewNOjD4D1V8ZP8q1 7FWNmYu1sEzp7YpjhNM0
21
LbqkBWSxp6mSj0kbbpQH pPWJrH430fABR0NcoPKV
lDAnOMVYOYXzMCtINEX8 lDAnOMVYOYXzMCtINEX8 PyIlH9YicODghA6KwJUV
IcKzxr7CcACAPE40T0L0 IcKzxr7CcACAPE40T0L0 6uYVEZNStGwGBaOTSZJ3
g2g8WLVxe9HOQYy10Bok g2g8WLVxe9HOQYy10Bok Hp324dioHwKLfiZ19twT LEf0huj6HzVDaAZAnsYH
6uJmr1C0tkMcbasOZ8YR 6uJmr1C0tkMcbasOZ8YR
goJftIzc5FBlw9j9PMfL goJftIzc5FBlw9j9PMfL
A9DFzQyemv4Vrp2lXMgz A9DFzQyemv4Vrp2lXMgz
RIFDgOYLizqUpmzvNX0Y RIFDgOYLizqUpmzvNX0Y
nAg8OEdqlYhSIX9nv2SQ nAg8OEdqlYhSIX9nv2SQ
ZPdVSQmUt7J8A3Rehp7D ZPdVSQmUt7J8A3Rehp7D
kgMLDXb5R3ORIfTilNFP kgMLDXb5R3ORIfTilNFP
1foAom0YUla8ad6rygWf 1foAom0YUla8ad6rygWf
9l9bqgsSEgsSkszLK4O4 9l9bqgsSEgsSkszLK4O4
qUHIoJ8btUij9h8nDU8R qUHIoJ8btUij9h8nDU8R
scUa5QdkUC7khfk1TYEx scUa5QdkUC7khfk1TYEx
CdlE2FMHtE23wbpleKPr CdlE2FMHtE23wbpleKPr
5yzYewNOjD4D1V8ZP8q1 5yzYewNOjD4D1V8ZP8q1
W2denTwXnWz4qrXL3aFw W2denTwXnWz4qrXL3aFw
B46pe0ii1rn1dcGCmje6 B46pe0ii1rn1dcGCmje6
uKBUiyynqpfTFP93OJ0w uKBUiyynqpfTFP93OJ0w
AzIG5crlJuxKgwAi8EiY AzIG5crlJuxKgwAi8EiY
