Aberdeen Reno Hampton Newburgh Hampton Reno Springdale Reno Hampton Lowell SaltLakeCity StPetersburg Lewisville StPetersburg Henderson WestValleyCity Frederick SouthLyon Montgomery Racine Norwalk Miramar Hartford Riverside Murrieta Columbia GreenBay Palmdale Austin Winston Tuscaloosa Hampton Reno Aberdeen
18
Tuscaloosa Tuscaloosa Winston
Racine Racine Pensacola
Hartford SanBernardino
SaltLakeCity SaltLakeCity Marina SanAntonio Chattanooga
Frederick Modesto SouthLyon
Lewisville Lewisville Gainesville
Hampton Hampton
WestValleyCity WestValleyCity
Henderson Henderson
Miramar Miramar
Reno Reno
Lowell Lowell
Newburgh Newburgh
Austin Austin
Montgomery Montgomery
GreenBay GreenBay
StPetersburg StPetersburg
Springdale Springdale
