3efbbd 1aef1d d1ae8e 3efbbd 2b7733 3efbbd fc6ab6 8037ff c1e4b0 ab3e86 6d606b ff448b 98b7f9 d36b6f aeb965 9fb27b 526e97 1efe0a 70d79e 2a53b1 1efe0a 390b11 9e3235 1e3f90 770b7a 909532 c1e4b0 3efbbd
20
8037ff 8037ff 22c398
70d79e de59c9 bfdfca
9e3235 9e3235 8216e5 525361
c1e4b0 c1e4b0 ef9cce
6d606b e17800
9fb27b 9fb27b
909532 909532
98b7f9 98b7f9
526e97 526e97
ff448b ff448b
fc6ab6 fc6ab6
d1ae8e d1ae8e
1efe0a 1efe0a
aeb965 aeb965
2a53b1 2a53b1
1aef1d 1aef1d
1e3f90 1e3f90
390b11 390b11
2b7733 2b7733
d36b6f d36b6f
