MHnVCXOJJwOI GJubAWGDHDpt iBzfnTemabxr oClepMbylsqk GoPPViXuIoMW phTlHtTwrYOU bVDkAfQbeTmx crcFIKqbaYTC svpVoYHpEpjH QvZmZiRVxtKV RWoTZCNhceUR GLfJulJDWdHA PCNGxUSnzrYJ MlFqcqjWiUdI KhOySTFpTHBN jmWqilJNXyuV SJPfUQrbAbqM SPoMbAzxrqrj KKNtdnAHmUpc AZrILCuGwbtV YfpLHnDpSXzc UvfnFwkwYqFk MHnVCXOJJwOI
21
MlFqcqjWiUdI MlFqcqjWiUdI NmmqQKqzdERM
GJubAWGDHDpt JCPkGQQBkgge
phTlHtTwrYOU phTlHtTwrYOU FhVNapbaoZOZ
iBzfnTemabxr ilCjMogPnNTK
RWoTZCNhceUR RWoTZCNhceUR cXYRsTNMJDHO
bVDkAfQbeTmx bVDkAfQbeTmx YbGvPudTcbyh
KhOySTFpTHBN ltlOmMSvjmIL
QvZmZiRVxtKV NkzUoyRYPnbb
SJPfUQrbAbqM SJPfUQrbAbqM
svpVoYHpEpjH svpVoYHpEpjH
PCNGxUSnzrYJ PCNGxUSnzrYJ
AZrILCuGwbtV AZrILCuGwbtV
SPoMbAzxrqrj SPoMbAzxrqrj
KKNtdnAHmUpc KKNtdnAHmUpc
jmWqilJNXyuV jmWqilJNXyuV
oClepMbylsqk oClepMbylsqk
YfpLHnDpSXzc YfpLHnDpSXzc
crcFIKqbaYTC crcFIKqbaYTC
UvfnFwkwYqFk UvfnFwkwYqFk
GLfJulJDWdHA GLfJulJDWdHA
GoPPViXuIoMW GoPPViXuIoMW
