SabrinaSiriPrince50 aHwNY UBrR9 Ms6jj plb6L Ms6jj 0kSSC H8qqB UBrR9 aHwNY M7N2p V7iEC M7N2p cwf5o M7N2p 7QUXg M7N2p bXm0A M7N2p rFWcq M7N2p HVYtd M7N2p gInwM M7N2p X8iWp cRUJh DrLs7 4MOkB 9HL6t DrLs7 SVxWg nbohZ SVxWg cRUJh duKKu 11x30 WcEcU EZqNK 11x30 YgbLl Wutnl 5X0EW YgbLl duKKu X8iWp SabrinaSiriPrince50
20
H8qqB H8qqB 52PwN
gInwM i3qsm
HVYtd Bjd2k
bXm0A nMJpi
7QUXg nannc
nbohZ nbohZ d2ZYh
9HL6t 9HL6t yJVF4
EZqNK EZqNK OSLHQ
5X0EW 5X0EW vmJdf
aHwNY aHwNY
V7iEC V7iEC
cwf5o cwf5o
rFWcq rFWcq
UBrR9 UBrR9
0kSSC 0kSSC
Ms6jj Ms6jj
plb6L plb6L
WcEcU WcEcU
Wutnl Wutnl
4MOkB 4MOkB
