FleaBottom Bobbingbourne Tartarus TheSpine ShriekingShack Lorien TheVale Carvahall Aerodenn Carvahall Westopolis Carvahall Accrington MinistryofMagic UtgardMountain TheBoilingRock TheKrustyKrab TheBoilingRock Batcave Eggmanland Trebon TheGreatDivide SatishVille Ebonfall SatishVille Ademre Vroengard Vintas HighGarden Yll TheBurningPlains Olivanders RockofKuthian FleaBottom
21
Trebon Trebon Urubaen
TheKrustyKrab Glimthain
Batcave Batcave GringottsBank
TheSpine Coalwatch
Aerodenn Eggmanland
Olivanders Olivanders TheBurningPlains
MinistryofMagic MinistryofMagic Arkham
UtgardMountain UtgardMountain
Westopolis Westopolis
Bobbingbourne Bobbingbourne
Vintas Vintas
TheGreatDivide TheGreatDivide
TheBoilingRock TheBoilingRock
Ademre Ademre
Yll Yll
TheVale TheVale
Ebonfall Ebonfall
SatishVille SatishVille
Accrington Accrington
HighGarden HighGarden
ShriekingShack ShriekingShack
