NENJIT PRANHUZWO WTGBMM OBQFCPFR EIPVED MXOUMOMJ DYDBSTHU XAUNPSJR TWWGCR PHBBERAT UEMUXMRIZ RIEJGXSA HJANXPSU ZRBGORXP XVEIIY LFAYEWG UUBADXD PQHUEQ PEHTVQXDW KQUKCKTD XXXTKAUWZ SPKBX NENJIT
21
XXXTKAUWZ RZCLRJW KUTCUN
UUBADXD UUBADXD FULIXB MXPVTEZCH
PRANHUZWO PRANHUZWO XYVFHKPGH
PHBBERAT QMQDBY
OBQFCPFR CQLIWA
TWWGCR NDFUIQRA
UEMUXMRIZ UEMUXMRIZ
ZRBGORXP ZRBGORXP
XAUNPSJR XAUNPSJR
RIEJGXSA RIEJGXSA
EIPVED EIPVED
PEHTVQXDW PEHTVQXDW
DYDBSTHU DYDBSTHU
WTGBMM WTGBMM
HJANXPSU HJANXPSU
KQUKCKTD KQUKCKTD
SPKBX SPKBX
XVEIIY XVEIIY
PQHUEQ PQHUEQ
LFAYEWG LFAYEWG
MXOUMOMJ MXOUMOMJ
