liverance catabolism tortillons studiously oversleeps bywoners hypanthium coulde moderatrix hatrail jitterbugs lethiferal wellbores handballer metamere kamencheh tightening shutter achieve pontage asterisk otate Akkub refortify pallia liverance
25
catabolism catabolism
tortillons tortillons
studiously studiously
oversleeps oversleeps
bywoners bywoners
hypanthium hypanthium
Akkub Akkub
moderatrix moderatrix
liverance liverance
hatrail hatrail
jitterbugs jitterbugs
lethiferal lethiferal
wellbores wellbores
handballer handballer
metamere metamere
kamencheh kamencheh
tightening tightening
shutter shutter
achieve achieve
pontage pontage
asterisk asterisk
otate otate
coulde coulde
refortify refortify
pallia pallia
