Wrightsville Golubac Rauna Gevgelija Maywood Vidalia Temirtau Coihaique Palopo Ayacucho Ljutomer Changde Bayonne Progress Leeuwarden Necochea Zanzibar Pljevlja Rivas Metz Gemena Irvington Wrightsville
21
Zanzibar Zanzibar Hsinchu
Gemena Gemena Sayhut
Leeuwarden Leeuwarden Mzimba
Progress Progress Asti
Vidalia Praya
Coihaique Coihaique
Maywood Maywood
Rauna Rauna
Pljevlja Pljevlja
Metz Metz
Gevgelija Gevgelija
Ayacucho Ayacucho
Golubac Golubac
Palopo Palopo
Ljutomer Ljutomer
Necochea Necochea
Temirtau Temirtau
Irvington Irvington
Rivas Rivas
Bayonne Bayonne
Changde Changde
