Soda Cheit Boalt Dwinelle Giannini Wheeler LifeSciences Blackwell Hildebrand Senior Stern Haste Jacobs Bowles DoeLibrary Foothill HaasPavilion Hertz Koshland McCone Morgan Pitzer Stanley Wellman Soda
23
Cheit Cheit Moses
Boalt Boalt
Dwinelle Dwinelle
Giannini Giannini
Haste Haste
LifeSciences LifeSciences
Jacobs Jacobs
Hildebrand Hildebrand
Senior Senior
Stern Stern
Wheeler Wheeler
Blackwell Blackwell
Bowles Bowles
DoeLibrary DoeLibrary
Foothill Foothill
HaasPavilion HaasPavilion
Hertz Hertz
Koshland Koshland
McCone McCone
Morgan Morgan
Pitzer Pitzer
Stanley Stanley
Wellman Wellman
