Hamsbourne Chipfield Cammercastle Chipfield Hamperrehampton Chipfield Chipsted Stafdenbourne Wendleslake Boothenrensborough Wendleslake Cimansbrough Camswich Leatherblesley Botherstanport Wolvencester Botherstanport Prestbourne Sunderborough Ciley Sunderborough Rotmerby Chilringfield Dribstoke Enderton Camhampton Hartberbury Camhampton Shaftthorne Skelgrove Sundlechester Hamsbourne
19
Rotmerby Rotmerby Chilringfield Rocklow Sodderrenshead
Stafdenbourne Chipsted
Dribstoke Melshot
Shaftthorne Shaftthorne Sudbage Warrewick
Boothenrensborough Boothenrensborough Candlesdon
Hamperrehampton Hamperrehampton
Wolvencester Wolvencester
Sundlechester Sundlechester
Ciley Ciley
Leatherblesley Leatherblesley
Chipfield Chipfield
Camswich Camswich
Camhampton Camhampton
Sunderborough Sunderborough
Enderton Enderton
Cammercastle Cammercastle
Prestbourne Prestbourne
Cimansbrough Cimansbrough
Hartberbury Hartberbury
