Soda location25 location14 location40 location24 location31 location35 location7 location10 location3 location21 location6 location38 location5 location9 location19 location18 location11 location18 location4 location2 location8 location1 location33 location30 location13 location35 Soda
19
location6 location6 location15
location14 location14 location16
location31 location23
location35 location17
location4 location4 location12 location22
location9 location9 location20
location1 location1 location8
location10 location10
location2 location2
location3 location3
location11 location11
location25 location25
location21 location21
location7 location7
location19 location19
location5 location5
location24 location24
location13 location13
location18 location18
