Kaimganj Fagaras Pilibhit Kawit Novopokrovskaya Tsukawaki Yucheng Mesa Leixlip GobernadorGalvez Gobo Tocache Fandriana Korolev Tsirang Brecht Condado Albi Novopokrovskaya Anahuac MilpaAlta PinhalNovo MilpaAlta MontecatiniTerme Isakogorka Kaimganj
19
Pilibhit Pilibhit Irvine
Tsukawaki Tsukawaki Karasuyama
Gobo Gobo Racine Dankov
GobernadorGalvez GobernadorGalvez Narangba Novopokrovskaya
Mesa EncarnaciondeDiaz
Albi Albi
PinhalNovo PinhalNovo
Tocache Tocache
Fagaras Fagaras
Yucheng Yucheng
Isakogorka Isakogorka
Tsirang Tsirang
Brecht Brecht
Leixlip Leixlip
Fandriana Fandriana
Korolev Korolev
MontecatiniTerme MontecatiniTerme
MilpaAlta MilpaAlta
Anahuac Anahuac
