Acadia Tortugas Gunnison Glacier Brycecanyon Canyonlands Clark Badlands Shenandoah Haleakala Shenandoah Isle Guadalupe Acadia Capitol Acadia Biscayne Rocky Caverns Congaree Everglades Mammoth Voyageurs Smoky Lassen Channel Indiana Redwood Gunnison Tortugas Acadia
18
Badlands Badlands Crater Arches
Channel Channel Indiana Cuyahoga
Voyageurs Gateway Bend
Redwood Teton
Gunnison Gunnison Basin
Everglades Everglades Denali
Biscayne Biscayne
Brycecanyon Brycecanyon
Canyonlands Canyonlands
Capitol Capitol
Caverns Caverns
Congaree Congaree
Tortugas Tortugas
Glacier Glacier
Smoky Smoky
Guadalupe Guadalupe
Haleakala Haleakala
Isle Isle
